<?xml version="1.0" encoding="UTF-8"?><testsuite errors="1" failures="0" name="Automation" skipped="0" tests="1" time="24.57" timestamp="2022-04-25 11:44:00"><testcase name="Find the quantity of adidas shoes"><error message="Expected condition failed: waiting for By.xpath: //span[contains(text(),'670.000')] to be displayed (tried for 5 second(s) with 100 milliseconds interval)&#10;Build info: version: '3.11.0', revision: 'e59cfb3', time: '2018-03-11T20:26:55.152Z'&#10;System info: host: 'LAPTOP-BNC3L37I', ip: '192.168.20.43', os.name: 'Windows 10', os.arch: 'amd64', os.version: '10.0', java.version: '1.8.0_202'&#10;Driver info: driver.version: unknown" type="java.lang.AssertionError">Expected condition failed: waiting for By.xpath: //span[contains(text(),'670.000')] to be displayed (tried for 5 second(s) with 100 milliseconds interval)
Build info: version: '3.11.0', revision: 'e59cfb3', time: '2018-03-11T20:26:55.152Z'
System info: host: 'LAPTOP-BNC3L37I', ip: '192.168.20.43', os.name: 'Windows 10', os.arch: 'amd64', os.version: '10.0', java.version: '1.8.0_202'
Driver info: driver.version: unknown</error><system-err>Expected condition failed: waiting for By.xpath: //span[contains(text(),'670.000')] to be displayed (tried for 5 second(s) with 100 milliseconds interval)
Build info: version: '3.11.0', revision: 'e59cfb3', time: '2018-03-11T20:26:55.152Z'
System info: host: 'LAPTOP-BNC3L37I', ip: '192.168.20.43', os.name: 'Windows 10', os.arch: 'amd64', os.version: '10.0', java.version: '1.8.0_202'
Driver info: driver.version: unknown&#13;
stepdefinitions.CaseOneStepDefinitions.theResultMustBeGreaterThanTwoThousand(CaseOneStepDefinitions.java:34)&#13;
âœ½.the result must be greater than 2000(src/test/resources/features/caseOne.feature:7)&#13;
</system-err></testcase></testsuite>